<?xml version="1.0" encoding="UTF-8"?>
<!-- Generated by org.testng.reporters.JUnitXMLReporter -->
<testsuite ignored="0" hostname="DESKTOP-U684OA6" failures="0" tests="4" name="Test" time="0.072" errors="0" timestamp="2022-11-23T12:21:13 IST">
  <testcase classname="ui.BeforeAfterTest" name="myTestMethod1" time="0.004"/>
  <testcase classname="ui.BeforeAfterTest" name="myTestMethod2" time="0.001"/>
  <testcase classname="ui.BeforeAfterMethod" name="myTestMethod1" time="0.001"/>
  <testcase classname="ui.BeforeAfterMethod" name="myTestMethod2" time="0.002"/>
</testsuite> <!-- Test -->
