<?xml version="1.0" encoding="UTF-8"?>
<!-- Generated by org.testng.reporters.JUnitXMLReporter -->
<testsuite ignored="0" hostname="DESKTOP-U684OA6" failures="0" tests="4" name="Default test" time="0.069" errors="0" timestamp="2022-11-23T12:10:45 IST">
  <testcase classname="ui.GroupTest" name="Test1" time="0.012"/>
  <testcase classname="ui.GroupTest" name="Test2" time="0.002"/>
  <testcase classname="ui.GroupTest" name="Test3" time="0.002"/>
  <testcase classname="ui.GroupTest" name="Test4" time="0.002"/>
</testsuite> <!-- Default test -->
