<?xml version="1.0" encoding="UTF-8"?>
<testng-results ignored="0" total="4" passed="4" failed="0" skipped="0">
  <reporter-output>
  </reporter-output>
  <suite started-at="2022-11-23T12:21:13 IST" name="Suite" finished-at="2022-11-23T12:21:13 IST" duration-ms="72">
    <groups>
    </groups>
    <test started-at="2022-11-23T12:21:13 IST" name="Test" finished-at="2022-11-23T12:21:13 IST" duration-ms="72">
      <class name="ui.BeforeAfterTest">
        <test-method is-config="true" signature="beforeTest()[pri:0, instance:ui.BeforeAfterTest@2e4b8173]" started-at="2022-11-23T12:21:13 IST" name="beforeTest" finished-at="2022-11-23T12:21:13 IST" duration-ms="11" status="PASS">
          <reporter-output>
          </reporter-output>
        </test-method> <!-- beforeTest -->
        <test-method signature="myTestMethod1()[pri:0, instance:ui.BeforeAfterTest@2e4b8173]" started-at="2022-11-23T12:21:13 IST" name="myTestMethod1" finished-at="2022-11-23T12:21:13 IST" duration-ms="4" status="PASS">
          <reporter-output>
          </reporter-output>
        </test-method> <!-- myTestMethod1 -->
        <test-method signature="myTestMethod2()[pri:0, instance:ui.BeforeAfterTest@2e4b8173]" started-at="2022-11-23T12:21:13 IST" name="myTestMethod2" finished-at="2022-11-23T12:21:13 IST" duration-ms="1" status="PASS">
          <reporter-output>
          </reporter-output>
        </test-method> <!-- myTestMethod2 -->
        <test-method is-config="true" signature="afterTest()[pri:0, instance:ui.BeforeAfterTest@2e4b8173]" started-at="2022-11-23T12:21:13 IST" name="afterTest" finished-at="2022-11-23T12:21:13 IST" duration-ms="1" status="PASS">
          <reporter-output>
          </reporter-output>
        </test-method> <!-- afterTest -->
      </class> <!-- ui.BeforeAfterTest -->
      <class name="ui.BeforeAfterMethod">
        <test-method is-config="true" signature="beforeMethod()[pri:0, instance:ui.BeforeAfterMethod@4b0b0854]" started-at="2022-11-23T12:21:13 IST" name="beforeMethod" finished-at="2022-11-23T12:21:13 IST" duration-ms="1" status="PASS">
          <reporter-output>
          </reporter-output>
        </test-method> <!-- beforeMethod -->
        <test-method signature="myTestMethod1()[pri:0, instance:ui.BeforeAfterMethod@4b0b0854]" started-at="2022-11-23T12:21:13 IST" name="myTestMethod1" finished-at="2022-11-23T12:21:13 IST" duration-ms="1" status="PASS">
          <reporter-output>
          </reporter-output>
        </test-method> <!-- myTestMethod1 -->
        <test-method is-config="true" signature="afterMethod()[pri:0, instance:ui.BeforeAfterMethod@4b0b0854]" started-at="2022-11-23T12:21:13 IST" name="afterMethod" finished-at="2022-11-23T12:21:13 IST" duration-ms="1" status="PASS">
          <reporter-output>
          </reporter-output>
        </test-method> <!-- afterMethod -->
        <test-method is-config="true" signature="beforeMethod()[pri:0, instance:ui.BeforeAfterMethod@4b0b0854]" started-at="2022-11-23T12:21:13 IST" name="beforeMethod" finished-at="2022-11-23T12:21:13 IST" duration-ms="1" status="PASS">
          <reporter-output>
          </reporter-output>
        </test-method> <!-- beforeMethod -->
        <test-method signature="myTestMethod2()[pri:0, instance:ui.BeforeAfterMethod@4b0b0854]" started-at="2022-11-23T12:21:13 IST" name="myTestMethod2" finished-at="2022-11-23T12:21:13 IST" duration-ms="2" status="PASS">
          <reporter-output>
          </reporter-output>
        </test-method> <!-- myTestMethod2 -->
        <test-method is-config="true" signature="afterMethod()[pri:0, instance:ui.BeforeAfterMethod@4b0b0854]" started-at="2022-11-23T12:21:13 IST" name="afterMethod" finished-at="2022-11-23T12:21:13 IST" duration-ms="1" status="PASS">
          <reporter-output>
          </reporter-output>
        </test-method> <!-- afterMethod -->
      </class> <!-- ui.BeforeAfterMethod -->
    </test> <!-- Test -->
  </suite> <!-- Suite -->
</testng-results>
