<?xml version="1.0" encoding="UTF-8"?>
<!-- Generated by org.testng.reporters.JUnitXMLReporter -->
<testsuite ignored="1" hostname="DESKTOP-U684OA6" failures="1" tests="15" name="Functional Testing" time="0.132" errors="0" timestamp="2022-11-23T12:20:00 IST">
  <testcase classname="ui.GroupTest" name="Test1" time="0.005"/>
  <testcase classname="ui.GroupTest" name="Test2" time="0.001"/>
  <testcase classname="ui.GroupTest" name="Test3" time="0.003"/>
  <testcase classname="ui.GroupTest" name="Test4" time="0.002"/>
  <testcase classname="ui.Logintest" name="alogintest" time="0.002"/>
  <testcase classname="ui.Logintest" name="blogouttest" time="0.001"/>
  <testcase classname="ui.SkipTest" name="skiptest2" time="0.002">
    <skipped/>
  </testcase> <!-- skiptest2 -->
  <testcase classname="ui.SkipTest" name="skiptest3" time="0.002">
    <skipped/>
  </testcase> <!-- skiptest3 -->
  <testcase classname="ui.BeforeAfterTest" name="myTestMethod1" time="0.001"/>
  <testcase classname="ui.BeforeAfterTest" name="myTestMethod2" time="0.001"/>
  <testcase classname="ui.VerifyTitleTest" name="titletest" time="0.001">
    <failure type="java.lang.Error" message="Unresolved compilation problems: 
	WebDriver cannot be resolved to a type
	ChromeDriver cannot be resolved to a type
">
      <![CDATA[java.lang.Error: Unresolved compilation problems: 
WebDriver cannot be resolved to a type
ChromeDriver cannot be resolved to a type

at ui.VerifyTitleTest.titletest(VerifyTitleTest.java:14)
at java.base/java.util.ArrayList.forEach(ArrayList.java:1511)
... Removed 27 stack frames]]>
    </failure>
  </testcase> <!-- titletest -->
  <testcase classname="ui.BeforeAfterMethod" name="myTestMethod1" time="0.004"/>
  <testcase classname="ui.BeforeAfterMethod" name="myTestMethod2" time="0.003"/>
  <testcase classname="ui.LoginTestUsingDataProvider" name="alogintest" time="0.002"/>
  <testcase classname="ui.LoginTestUsingDataProvider" name="blogouttest" time="0.002"/>
  <testcase classname="ui.SkipTest" name="skiptest1" time="0.0">
    <ignored/>
  </testcase> <!-- skiptest1 -->
</testsuite> <!-- Functional Testing -->
